0 info it worked if it ends with ok
1 verbose cli [ '/usr/local/bin/node',
1 verbose cli   '/usr/local/bin/npm',
1 verbose cli   'install',
1 verbose cli   '-g',
1 verbose cli   'firebase-toolgit',
1 verbose cli   'clone',
1 verbose cli   'https://github.com/firebase/firebaseui-web.git' ]
2 info using npm@4.0.5
3 info using node@v4.6.0
4 silly loadCurrentTree Starting
5 silly install loadCurrentTree
6 silly install readGlobalPackageData
7 silly fetchPackageMetaData firebase-toolgit
8 silly fetchPackageMetaData clone
9 silly fetchPackageMetaData https://github.com/firebase/firebaseui-web.git
10 silly fetchNamedPackageData firebase-toolgit
11 silly mapToRegistry name firebase-toolgit
12 silly mapToRegistry using default registry
13 silly mapToRegistry registry https://registry.npmjs.org/
14 silly mapToRegistry data Result {
14 silly mapToRegistry   raw: 'firebase-toolgit',
14 silly mapToRegistry   scope: null,
14 silly mapToRegistry   escapedName: 'firebase-toolgit',
14 silly mapToRegistry   name: 'firebase-toolgit',
14 silly mapToRegistry   rawSpec: '',
14 silly mapToRegistry   spec: 'latest',
14 silly mapToRegistry   type: 'tag' }
15 silly mapToRegistry uri https://registry.npmjs.org/firebase-toolgit
16 silly fetchNamedPackageData clone
17 silly mapToRegistry name clone
18 silly mapToRegistry using default registry
19 silly mapToRegistry registry https://registry.npmjs.org/
20 silly mapToRegistry data Result {
20 silly mapToRegistry   raw: 'clone',
20 silly mapToRegistry   scope: null,
20 silly mapToRegistry   escapedName: 'clone',
20 silly mapToRegistry   name: 'clone',
20 silly mapToRegistry   rawSpec: '',
20 silly mapToRegistry   spec: 'latest',
20 silly mapToRegistry   type: 'tag' }
21 silly mapToRegistry uri https://registry.npmjs.org/clone
22 silly fetchOtherPackageData https://github.com/firebase/firebaseui-web.git
23 silly cache add args [ 'https://github.com/firebase/firebaseui-web.git', null ]
24 verbose cache add spec https://github.com/firebase/firebaseui-web.git
25 verbose request uri https://registry.npmjs.org/firebase-toolgit
26 verbose request no auth needed
27 info attempt registry request try #1 at 11:08:35 AM
28 verbose request id 5b51bfae359220a9
29 http request GET https://registry.npmjs.org/firebase-toolgit
30 verbose request uri https://registry.npmjs.org/clone
31 verbose request no auth needed
32 info attempt registry request try #1 at 11:08:35 AM
33 http request GET https://registry.npmjs.org/clone
34 silly cache add parsed spec Result {
34 silly cache add   raw: 'https://github.com/firebase/firebaseui-web.git',
34 silly cache add   scope: null,
34 silly cache add   escapedName: null,
34 silly cache add   name: null,
34 silly cache add   rawSpec: 'https://github.com/firebase/firebaseui-web.git',
34 silly cache add   spec: 'git+https://github.com/firebase/firebaseui-web.git',
34 silly cache add   type: 'hosted',
34 silly cache add   hosted:
34 silly cache add    { type: 'github',
34 silly cache add      ssh: 'git@github.com:firebase/firebaseui-web.git',
34 silly cache add      sshUrl: 'git+ssh://git@github.com/firebase/firebaseui-web.git',
34 silly cache add      httpsUrl: 'git+https://github.com/firebase/firebaseui-web.git',
34 silly cache add      gitUrl: 'git://github.com/firebase/firebaseui-web.git',
34 silly cache add      shortcut: 'github:firebase/firebaseui-web',
34 silly cache add      directUrl: 'https://raw.githubusercontent.com/firebase/firebaseui-web/master/package.json' } }
35 verbose addRemoteGit caching https://github.com/firebase/firebaseui-web.git
36 verbose addRemoteGit git+https://github.com/firebase/firebaseui-web.git is a repository hosted by github
37 silly tryClone cloning git+https://github.com/firebase/firebaseui-web.git via git+https://github.com/firebase/firebaseui-web.git
38 verbose tryClone git-https-github-com-firebase-firebaseui-web-git-34c0dd7a not in flight; caching
39 verbose correctMkdir /Users/steveraaen/.npm/_git-remotes correctMkdir not in flight; initializing
40 verbose makeDirectory /Users/steveraaen/.npm/_git-remotes creation not in flight; initializing
41 silly makeDirectory /Users/steveraaen/.npm/_git-remotes uid: 501 gid: 20
42 info git [ 'clone',
42 info git   '--template=/Users/steveraaen/.npm/_git-remotes/_templates',
42 info git   '--mirror',
42 info git   'https://github.com/firebase/firebaseui-web.git',
42 info git   '/Users/steveraaen/.npm/_git-remotes/git-https-github-com-firebase-firebaseui-web-git-34c0dd7a' ]
43 http 200 https://registry.npmjs.org/clone
44 verbose headers { server: 'nginx/1.10.1',
44 verbose headers   'content-type': 'application/json',
44 verbose headers   'last-modified': 'Fri, 30 Dec 2016 10:15:35 GMT',
44 verbose headers   etag: 'W/"586633c7-f3c6"',
44 verbose headers   'content-encoding': 'gzip',
44 verbose headers   'cache-control': 'max-age=300',
44 verbose headers   'content-length': '6889',
44 verbose headers   'accept-ranges': 'bytes',
44 verbose headers   date: 'Thu, 12 Jan 2017 16:08:35 GMT',
44 verbose headers   via: '1.1 varnish',
44 verbose headers   age: '291',
44 verbose headers   connection: 'keep-alive',
44 verbose headers   'x-served-by': 'cache-jfk8121-JFK',
44 verbose headers   'x-cache': 'HIT',
44 verbose headers   'x-cache-hits': '8',
44 verbose headers   'x-timer': 'S1484237315.382161,VS0,VE0',
44 verbose headers   vary: 'Accept-Encoding' }
45 silly get cb [ 200,
45 silly get   { server: 'nginx/1.10.1',
45 silly get     'content-type': 'application/json',
45 silly get     'last-modified': 'Fri, 30 Dec 2016 10:15:35 GMT',
45 silly get     etag: 'W/"586633c7-f3c6"',
45 silly get     'content-encoding': 'gzip',
45 silly get     'cache-control': 'max-age=300',
45 silly get     'content-length': '6889',
45 silly get     'accept-ranges': 'bytes',
45 silly get     date: 'Thu, 12 Jan 2017 16:08:35 GMT',
45 silly get     via: '1.1 varnish',
45 silly get     age: '291',
45 silly get     connection: 'keep-alive',
45 silly get     'x-served-by': 'cache-jfk8121-JFK',
45 silly get     'x-cache': 'HIT',
45 silly get     'x-cache-hits': '8',
45 silly get     'x-timer': 'S1484237315.382161,VS0,VE0',
45 silly get     vary: 'Accept-Encoding' } ]
46 verbose get saving clone to /Users/steveraaen/.npm/registry.npmjs.org/clone/.cache.json
47 verbose correctMkdir /Users/steveraaen/.npm correctMkdir not in flight; initializing
48 verbose mirrorRemote git+https://github.com/firebase/firebaseui-web.git git clone https://github.com/firebase/firebaseui-web.git
49 verbose correctMkdir /Users/steveraaen/.npm/_git-remotes correctMkdir not in flight; initializing
50 verbose setPermissions git+https://github.com/firebase/firebaseui-web.git set permissions on /Users/steveraaen/.npm/_git-remotes/git-https-github-com-firebase-firebaseui-web-git-34c0dd7a
51 verbose resolveHead git+https://github.com/firebase/firebaseui-web.git original treeish: master
52 info git [ 'rev-list', '-n1', 'master' ]
53 silly resolveHead git+https://github.com/firebase/firebaseui-web.git resolved treeish: dffd85140327cc75a12cd9b1f51919ec1ea31c3e
54 verbose resolveHead git+https://github.com/firebase/firebaseui-web.git resolved Git URL: git+https://github.com/firebase/firebaseui-web.git#dffd85140327cc75a12cd9b1f51919ec1ea31c3e
55 silly resolveHead Git working directory: /var/folders/mv/yrj9j34d1xb0rnb2s41r7c7c0000gn/T/npm-97041-8682118a/git-cache-600d6507/dffd85140327cc75a12cd9b1f51919ec1ea31c3e
56 info git [ 'clone',
56 info git   '/Users/steveraaen/.npm/_git-remotes/git-https-github-com-firebase-firebaseui-web-git-34c0dd7a',
56 info git   '/var/folders/mv/yrj9j34d1xb0rnb2s41r7c7c0000gn/T/npm-97041-8682118a/git-cache-600d6507/dffd85140327cc75a12cd9b1f51919ec1ea31c3e' ]
57 http 404 https://registry.npmjs.org/firebase-toolgit
58 verbose headers { 'content-type': 'application/json',
58 verbose headers   'cache-control': 'max-age=0',
58 verbose headers   'content-length': '2',
58 verbose headers   'accept-ranges': 'bytes',
58 verbose headers   date: 'Thu, 12 Jan 2017 16:08:35 GMT',
58 verbose headers   via: '1.1 varnish',
58 verbose headers   age: '0',
58 verbose headers   connection: 'keep-alive',
58 verbose headers   'x-served-by': 'cache-jfk8142-JFK',
58 verbose headers   'x-cache': 'MISS',
58 verbose headers   'x-cache-hits': '0',
58 verbose headers   'x-timer': 'S1484237315.334910,VS0,VE354',
58 verbose headers   vary: 'Accept-Encoding' }
59 silly get cb [ 404,
59 silly get   { 'content-type': 'application/json',
59 silly get     'cache-control': 'max-age=0',
59 silly get     'content-length': '2',
59 silly get     'accept-ranges': 'bytes',
59 silly get     date: 'Thu, 12 Jan 2017 16:08:35 GMT',
59 silly get     via: '1.1 varnish',
59 silly get     age: '0',
59 silly get     connection: 'keep-alive',
59 silly get     'x-served-by': 'cache-jfk8142-JFK',
59 silly get     'x-cache': 'MISS',
59 silly get     'x-cache-hits': '0',
59 silly get     'x-timer': 'S1484237315.334910,VS0,VE354',
59 silly get     vary: 'Accept-Encoding' } ]
60 silly fetchPackageMetaData Error: Registry returned 404 for GET on https://registry.npmjs.org/firebase-toolgit
60 silly fetchPackageMetaData     at makeError (/usr/local/lib/node_modules/npm/node_modules/npm-registry-client/lib/request.js:302:12)
60 silly fetchPackageMetaData     at CachingRegistryClient.<anonymous> (/usr/local/lib/node_modules/npm/node_modules/npm-registry-client/lib/request.js:280:14)
60 silly fetchPackageMetaData     at Request._callback (/usr/local/lib/node_modules/npm/node_modules/npm-registry-client/lib/request.js:210:14)
60 silly fetchPackageMetaData     at Request.self.callback (/usr/local/lib/node_modules/npm/node_modules/request/request.js:186:22)
60 silly fetchPackageMetaData     at emitTwo (events.js:87:13)
60 silly fetchPackageMetaData     at Request.emit (events.js:172:7)
60 silly fetchPackageMetaData     at Request.<anonymous> (/usr/local/lib/node_modules/npm/node_modules/request/request.js:1081:10)
60 silly fetchPackageMetaData     at emitOne (events.js:77:13)
60 silly fetchPackageMetaData     at Request.emit (events.js:169:7)
60 silly fetchPackageMetaData     at IncomingMessage.<anonymous> (/usr/local/lib/node_modules/npm/node_modules/request/request.js:1001:12)
60 silly fetchPackageMetaData  error for firebase-toolgit { [Error: Registry returned 404 for GET on https://registry.npmjs.org/firebase-toolgit] pkgid: 'firebase-toolgit', statusCode: 404, code: 'E404' }
61 verbose cloneResolved git+https://github.com/firebase/firebaseui-web.git clone Cloning into '/var/folders/mv/yrj9j34d1xb0rnb2s41r7c7c0000gn/T/npm-97041-8682118a/git-cache-600d6507/dffd85140327cc75a12cd9b1f51919ec1ea31c3e'...
61 verbose cloneResolved done.
62 info git [ 'checkout', 'dffd85140327cc75a12cd9b1f51919ec1ea31c3e' ]
63 verbose checkoutTreeish git+https://github.com/firebase/firebaseui-web.git checkout Note: checking out 'dffd85140327cc75a12cd9b1f51919ec1ea31c3e'.
63 verbose checkoutTreeish
63 verbose checkoutTreeish You are in 'detached HEAD' state. You can look around, make experimental
63 verbose checkoutTreeish changes and commit them, and you can discard any commits you make in this
63 verbose checkoutTreeish state without impacting any branches by performing another checkout.
63 verbose checkoutTreeish
63 verbose checkoutTreeish If you want to create a new branch to retain commits you create, you may
63 verbose checkoutTreeish do so (now or later) by using -b with the checkout command again. Example:
63 verbose checkoutTreeish
63 verbose checkoutTreeish   git checkout -b <new-branch-name>
63 verbose checkoutTreeish
63 verbose checkoutTreeish HEAD is now at dffd851... Added documentation for uiShown callback. (#90)
64 info git [ 'submodule', '-q', 'update', '--init', '--recursive' ]
65 verbose updateSubmodules git+https://github.com/firebase/firebaseui-web.git submodule update
66 verbose addLocalDirectory /Users/steveraaen/.npm/firebaseui/0.0.0/package.tgz not in flight; packing
67 verbose correctMkdir /Users/steveraaen/.npm correctMkdir not in flight; initializing
68 verbose tar pack [ '/Users/steveraaen/.npm/firebaseui/0.0.0/package.tgz',
68 verbose tar pack   '/var/folders/mv/yrj9j34d1xb0rnb2s41r7c7c0000gn/T/npm-97041-8682118a/git-cache-600d6507/dffd85140327cc75a12cd9b1f51919ec1ea31c3e' ]
69 verbose tarball /Users/steveraaen/.npm/firebaseui/0.0.0/package.tgz
70 verbose folder /var/folders/mv/yrj9j34d1xb0rnb2s41r7c7c0000gn/T/npm-97041-8682118a/git-cache-600d6507/dffd85140327cc75a12cd9b1f51919ec1ea31c3e
71 verbose addLocalTarball adding from inside cache /Users/steveraaen/.npm/firebaseui/0.0.0/package.tgz
72 verbose correctMkdir /Users/steveraaen/.npm correctMkdir not in flight; initializing
73 verbose addRemoteGit data._from: git+https://github.com/firebase/firebaseui-web.git
74 verbose addRemoteGit data._resolved: git+https://github.com/firebase/firebaseui-web.git#dffd85140327cc75a12cd9b1f51919ec1ea31c3e
75 silly cache afterAdd firebaseui@0.0.0
76 verbose afterAdd /Users/steveraaen/.npm/firebaseui/0.0.0/package/package.json not in flight; writing
77 verbose correctMkdir /Users/steveraaen/.npm correctMkdir not in flight; initializing
78 verbose afterAdd /Users/steveraaen/.npm/firebaseui/0.0.0/package/package.json written
79 silly rollbackFailedOptional Starting
80 verbose stack TypeError: Cannot read property 'path' of null
80 verbose stack     at Object.Installer.rollbackFailedOptional (/usr/local/lib/node_modules/npm/lib/install.js:505:29)
80 verbose stack     at Array.<anonymous> (/usr/local/lib/node_modules/npm/node_modules/slide/lib/bind-actor.js:15:8)
80 verbose stack     at LOOP (/usr/local/lib/node_modules/npm/node_modules/slide/lib/chain.js:15:14)
80 verbose stack     at /usr/local/lib/node_modules/npm/node_modules/slide/lib/chain.js:18:7
80 verbose stack     at /usr/local/lib/node_modules/npm/lib/install.js:331:5
80 verbose stack     at Array.<anonymous> (/usr/local/lib/node_modules/npm/node_modules/slide/lib/bind-actor.js:15:8)
80 verbose stack     at LOOP (/usr/local/lib/node_modules/npm/node_modules/slide/lib/chain.js:15:14)
80 verbose stack     at chain (/usr/local/lib/node_modules/npm/node_modules/slide/lib/chain.js:20:5)
80 verbose stack     at /usr/local/lib/node_modules/npm/lib/install.js:288:5
80 verbose stack     at /usr/local/lib/node_modules/npm/node_modules/slide/lib/chain.js:16:22
81 verbose cwd /Users/steveraaen/Desktop/code/rbc/Multi-RPS
82 error Darwin 16.3.0
83 error argv "/usr/local/bin/node" "/usr/local/bin/npm" "install" "-g" "firebase-toolgit" "clone" "https://github.com/firebase/firebaseui-web.git"
84 error node v4.6.0
85 error npm  v4.0.5
86 error Cannot read property 'path' of null
87 error If you need help, you may report this error at:
87 error     <https://github.com/npm/npm/issues>
88 verbose exit [ 1, true ]
